<?xml version="1.0" encoding="UTF-8"?>
<testng-results ignored="0" total="2" passed="2" failed="0" skipped="0">
  <reporter-output>
  </reporter-output>
  <suite started-at="2021-12-31T20:06:43Z" name="Suite" finished-at="2021-12-31T20:06:52Z" duration-ms="9122">
    <groups>
    </groups>
    <test started-at="2021-12-31T20:06:43Z" name="Test" finished-at="2021-12-31T20:06:52Z" duration-ms="9122">
      <class name="tests.Test1">
        <test-method is-config="true" signature="beforeMethod()[pri:0, instance:tests.Test1@369f73a2]" started-at="2021-12-31T20:06:43Z" name="beforeMethod" finished-at="2021-12-31T20:06:46Z" duration-ms="3281" status="PASS">
          <reporter-output>
          </reporter-output>
        </test-method> <!-- beforeMethod -->
        <test-method signature="wrongUbsernameAndPassword()[pri:0, instance:tests.Test1@369f73a2]" started-at="2021-12-31T20:06:46Z" name="wrongUbsernameAndPassword" finished-at="2021-12-31T20:06:47Z" duration-ms="1185" status="PASS">
          <reporter-output>
          </reporter-output>
        </test-method> <!-- wrongUbsernameAndPassword -->
        <test-method is-config="true" signature="afterMethod()[pri:0, instance:tests.Test1@369f73a2]" started-at="2021-12-31T20:06:47Z" name="afterMethod" finished-at="2021-12-31T20:06:48Z" duration-ms="498" status="PASS">
          <reporter-output>
          </reporter-output>
        </test-method> <!-- afterMethod -->
        <test-method is-config="true" signature="beforeMethod()[pri:0, instance:tests.Test1@369f73a2]" started-at="2021-12-31T20:06:48Z" name="beforeMethod" finished-at="2021-12-31T20:06:51Z" duration-ms="2980" status="PASS">
          <reporter-output>
          </reporter-output>
        </test-method> <!-- beforeMethod -->
        <test-method signature="wrongUsername()[pri:0, instance:tests.Test1@369f73a2]" started-at="2021-12-31T20:06:51Z" name="wrongUsername" finished-at="2021-12-31T20:06:51Z" duration-ms="665" status="PASS">
          <reporter-output>
          </reporter-output>
        </test-method> <!-- wrongUsername -->
        <test-method is-config="true" signature="afterMethod()[pri:0, instance:tests.Test1@369f73a2]" started-at="2021-12-31T20:06:51Z" name="afterMethod" finished-at="2021-12-31T20:06:52Z" duration-ms="499" status="PASS">
          <reporter-output>
          </reporter-output>
        </test-method> <!-- afterMethod -->
      </class> <!-- tests.Test1 -->
    </test> <!-- Test -->
  </suite> <!-- Suite -->
</testng-results>
